\BOOKMARK [1][-]{section.1}{Introduction}{}% 1
\BOOKMARK [1][-]{section.2}{Pr\351sentation de l'entreprise}{}% 2
\BOOKMARK [2][-]{subsection.2.1}{Global}{section.2}% 3
\BOOKMARK [2][-]{subsection.2.2}{Le groupe Keolis}{section.2}% 4
\BOOKMARK [2][-]{subsection.2.3}{Keolis Grand Nancy}{section.2}% 5
\BOOKMARK [1][-]{section.3}{Pr\351sentation des projets et missions}{}% 6
\BOOKMARK [2][-]{subsection.3.1}{P\351riode n\2601}{section.3}% 7
\BOOKMARK [3][-]{subsubsection.3.1.1}{Taches effectu\351es au Service CFCF}{subsection.3.1}% 8
\BOOKMARK [3][-]{subsubsection.3.1.2}{Ce que j'ai appris au Service CFCF}{subsection.3.1}% 9
\BOOKMARK [2][-]{subsection.3.2}{P\351riode n\2602 - Comptage}{section.3}% 10
\BOOKMARK [3][-]{subsubsection.3.2.1}{DotPulse}{subsection.3.2}% 11
\BOOKMARK [3][-]{subsubsection.3.2.2}{Acorel}{subsection.3.2}% 12
\BOOKMARK [2][-]{subsection.3.3}{P\351riode n\2602 - Autres projets}{section.3}% 13
\BOOKMARK [3][-]{subsubsection.3.3.1}{Compta \046 DAT}{subsection.3.3}% 14
\BOOKMARK [3][-]{subsubsection.3.3.2}{Inventaire}{subsection.3.3}% 15
\BOOKMARK [3][-]{subsubsection.3.3.3}{Borne d'information d\351p\364t}{subsection.3.3}% 16
\BOOKMARK [2][-]{subsection.3.4}{Ce que j'ai appris \340 la DSI}{section.3}% 17
\BOOKMARK [1][-]{section.4}{Bilan}{}% 18
\BOOKMARK [1][-]{section.5}{Annexes}{}% 19
\BOOKMARK [2][-]{subsection.5.1}{Missions SCFCF}{section.5}% 20
\BOOKMARK [3][-]{subsubsection.5.1.1}{Valideurs}{subsection.5.1}% 21
\BOOKMARK [3][-]{subsubsection.5.1.2}{Sous Station}{subsection.5.1}% 22
\BOOKMARK [3][-]{subsubsection.5.1.3}{Changement \351cran}{subsection.5.1}% 23
\BOOKMARK [3][-]{subsubsection.5.1.4}{R\351paration de cam\351ras}{subsection.5.1}% 24
\BOOKMARK [2][-]{subsection.5.2}{DotPulse}{section.5}% 25
\BOOKMARK [3][-]{subsubsection.5.2.1}{La technologie}{subsection.5.2}% 26
\BOOKMARK [3][-]{subsubsection.5.2.2}{Pr\351sentation}{subsection.5.2}% 27
\BOOKMARK [3][-]{subsubsection.5.2.3}{Gantt}{subsection.5.2}% 28
\BOOKMARK [2][-]{subsection.5.3}{Acorel}{section.5}% 29
\BOOKMARK [3][-]{subsubsection.5.3.1}{La technologie}{subsection.5.3}% 30
\BOOKMARK [3][-]{subsubsection.5.3.2}{Etude}{subsection.5.3}% 31
\BOOKMARK [2][-]{subsection.5.4}{GLPI}{section.5}% 32
\BOOKMARK [3][-]{subsubsection.5.4.1}{Interface}{subsection.5.4}% 33
\BOOKMARK [3][-]{subsubsection.5.4.2}{Version papier}{subsection.5.4}% 34
